   ********************************************
   ***                                      ***
   ***             FoldX 4 (c)              ***
   ***                                      ***
   ***     code by the FoldX Consortium     ***
   ***                                      ***
   ***     Jesper Borg, Frederic Rousseau   ***
   ***    Joost Schymkowitz, Luis Serrano   ***
   ***    Peter Vanhee, Erik Verschueren    ***
   ***     Lies Baeten, Javier Delgado      ***
   ***       and Francois Stricher          ***
   *** and any other of the 9! permutations ***
   ***   based on an original concept by    ***
   ***   Raphael Guerois and Luis Serrano   ***
   ********************************************

1 models read: OG0030099__cereus_76980_Repair.pdb

BackHbond       =               -278.87
SideHbond       =               -125.99
Energy_VdW      =               -496.69
Electro         =               -15.40
Energy_SolvP    =               616.92
Energy_SolvH    =               -673.09
Energy_vdwclash =               12.46
energy_torsion  =               6.00
backbone_vdwclash=              175.27
Entropy_sidec   =               289.62
Entropy_mainc   =               686.10
water bonds     =               0.00
helix dipole    =               -6.58
loop_entropy    =               0.00
cis_bond        =               0.00
disulfide       =               0.00
kn electrostatic=               0.00
partial covalent interactions = 0.00
Energy_Ionisation =             1.74
Entropy Complex =               0.00
-----------------------------------------------------------
Total          = 				  16.22

Starting BuildModel
Reading CA36R;
Reading LA50F;
Reading DA55V;
Reading RA91K;
Reading DA93N;
Reading CA210W;
Reading RA221W;
Reading NA300D;
Residue to Mutate CYSA36 has residue index 35
Residue to Mutate LEUA50 has residue index 49
Residue to Mutate ASPA55 has residue index 54
Residue to Mutate ARGA91 has residue index 90
Residue to Mutate ASPA93 has residue index 92
Residue to Mutate CYSA210 has residue index 209
Residue to Mutate ARGA221 has residue index 220
Residue to Mutate ASNA300 has residue index 299
Mutating residue = CYSA36 into ARG
Mutating residue = LEUA50 into PHE
Mutating residue = ASPA55 into VAL
Mutating residue = ARGA91 into LYS
Mutating residue = ASPA93 into ASN
Mutating residue = CYSA210 into TRP
Mutating residue = ARGA221 into TRP
Mutating residue = ASNA300 into ASP
Your file run OK
End time of FoldX: Mon Feb 16 00:16:52 2026
Total time spend: 60.31 seconds.
validated file "OG0030099__cereus_76980_Repair_1.pdb" => successfully finished
validated file "OG0030099__cereus_76980_Repair_2.pdb" => successfully finished
validated file "OG0030099__cereus_76980_Repair_3.pdb" => successfully finished
validated file "OG0030099__cereus_76980_Repair_4.pdb" => successfully finished
validated file "OG0030099__cereus_76980_Repair_5.pdb" => successfully finished
validated file "OG0030099__cereus_76980_Repair_6.pdb" => successfully finished
validated file "OG0030099__cereus_76980_Repair_7.pdb" => successfully finished
validated file "OG0030099__cereus_76980_Repair_8.pdb" => successfully finished
Cleaning BuildModel...DONE
