   ********************************************
   ***                                      ***
   ***             FoldX 4 (c)              ***
   ***                                      ***
   ***     code by the FoldX Consortium     ***
   ***                                      ***
   ***     Jesper Borg, Frederic Rousseau   ***
   ***    Joost Schymkowitz, Luis Serrano   ***
   ***    Peter Vanhee, Erik Verschueren    ***
   ***     Lies Baeten, Javier Delgado      ***
   ***       and Francois Stricher          ***
   *** and any other of the 9! permutations ***
   ***   based on an original concept by    ***
   ***   Raphael Guerois and Luis Serrano   ***
   ********************************************

1 models read: OG0028976__cereus_19790_Repair.pdb

BackHbond       =               -69.05
SideHbond       =               -30.00
Energy_VdW      =               -98.63
Electro         =               -0.75
Energy_SolvP    =               137.68
Energy_SolvH    =               -124.97
Energy_vdwclash =               1.02
energy_torsion  =               0.71
backbone_vdwclash=              51.82
Entropy_sidec   =               52.66
Entropy_mainc   =               189.57
water bonds     =               0.00
helix dipole    =               -2.77
loop_entropy    =               0.00
cis_bond        =               0.00
disulfide       =               0.00
kn electrostatic=               0.00
partial covalent interactions = 0.00
Energy_Ionisation =             0.17
Entropy Complex =               0.00
-----------------------------------------------------------
Total          = 				  55.63

Starting BuildModel
Reading GA14L;
Residue to Mutate GLYA14 has residue index 13
Mutating residue = GLYA14 into LEU
Your file run OK
End time of FoldX: Sun Feb 15 20:04:54 2026
Total time spend: 0.78 seconds.
validated file "OG0028976__cereus_19790_Repair_1.pdb" => successfully finished
Cleaning BuildModel...DONE
