   ********************************************
   ***                                      ***
   ***             FoldX 4 (c)              ***
   ***                                      ***
   ***     code by the FoldX Consortium     ***
   ***                                      ***
   ***     Jesper Borg, Frederic Rousseau   ***
   ***    Joost Schymkowitz, Luis Serrano   ***
   ***    Peter Vanhee, Erik Verschueren    ***
   ***     Lies Baeten, Javier Delgado      ***
   ***       and Francois Stricher          ***
   *** and any other of the 9! permutations ***
   ***   based on an original concept by    ***
   ***   Raphael Guerois and Luis Serrano   ***
   ********************************************

1 models read: OG0028976__cereus_19790_Repair.pdb

BackHbond       =               -69.05
SideHbond       =               -30.00
Energy_VdW      =               -98.63
Electro         =               -0.75
Energy_SolvP    =               137.68
Energy_SolvH    =               -124.97
Energy_vdwclash =               1.02
energy_torsion  =               0.71
backbone_vdwclash=              51.82
Entropy_sidec   =               52.66
Entropy_mainc   =               189.57
water bonds     =               0.00
helix dipole    =               -2.77
loop_entropy    =               0.00
cis_bond        =               0.00
disulfide       =               0.00
kn electrostatic=               0.00
partial covalent interactions = 0.00
Energy_Ionisation =             0.17
Entropy Complex =               0.00
-----------------------------------------------------------
Total          = 				  55.63

Starting BuildModel
Reading AA9P;
Reading AA10P;
Reading PA11R;
Reading PA12G;
Reading RA13L;
Reading GA14W;
Reading LA15K;
Reading WA16L;
Reading KA17F;
Reading LA18S;
Reading FA19T;
Reading TA21A;
Reading SA22F;
Reading AA23N;
Reading NA25T;
Reading FA26P;
Reading TA27P;
Reading PA29S;
Reading PA30S;
Reading SA32Q;
Reading QA34S;
Reading SA35F;
Reading PA36A;
Reading SA37P;
Reading AA38P;
Reading PA40A;
Reading PA41E;
Reading AA42P;
Reading EA43S;
Reading SA45N;
Reading PA46L;
Reading NA47F;
Reading LA48V;
Reading FA49S;
Reading VA50G;
Reading SA51L;
Reading GA52S;
Reading LA53R;
Reading SA54R;
Reading RA55T;
Reading RA56T;
Reading TA58E;
Reading TA59G;
Reading EA60L;
Reading GA61H;
Reading LA62E;
Reading HA63A;
Reading EA64F;
Reading AA65S;
Reading FA66K;
Reading SA67F;
Reading KA68G;
Reading FA69E;
Reading GA70V;
Reading EA71V;
Reading VA72H;
Reading VA73A;
Reading HA74K;
Reading AA75V;
Reading KA76V;
Reading VA77T;
Reading VA78D;
Reading TA79R;
Reading DA80V;
Reading RA81S;
Reading VA82G;
Reading SA83F;
Reading GA84S;
Reading FA85K;
Reading SA86G;
Reading KA87F;
Reading GA90V;
Reading FA91R;
Reading VA92Y;
Reading RA93A;
Reading YA94T;
Reading AA95T;
Reading TA96E;
Reading TA97E;
Reading EA98A;
Reading EA99R;
Reading RA101G;
Reading AA102I;
Reading GA103Q;
Reading IA104G;
Reading QA105M;
Reading GA106D;
Reading MA107A;
Reading DA108K;
Reading AA109F;
Reading KA110L;
Reading FA111D;
Reading LA112G;
Reading DA113W;
Reading GA114V;
Reading WA115I;
Reading VA116F;
Reading IA117A;
Reading FA118E;
Reading AA119F;
Reading EA120A;
Reading FA121R;
Reading AA122P;
Reading RA125P;
Reading PA127A;
Reading PA128T;
Reading AA129Q;
Reading TA130P;
Reading QA131S;
Reading PA132N;
Reading SA133A;
Reading NA134R;
Reading GA135P;
Reading HA136P;
Reading PA137Y;
Reading PA138S;
Reading YA139A;
Reading SA140N;
Reading TA141N;
Residue to Mutate ALAA9 has residue index 8
Residue to Mutate ALAA10 has residue index 9
Residue to Mutate PROA11 has residue index 10
Residue to Mutate PROA12 has residue index 11
Residue to Mutate ARGA13 has residue index 12
Residue to Mutate GLYA14 has residue index 13
Residue to Mutate LEUA15 has residue index 14
Residue to Mutate TRPA16 has residue index 15
Residue to Mutate LYSA17 has residue index 16
Residue to Mutate LEUA18 has residue index 17
Residue to Mutate PHEA19 has residue index 18
Residue to Mutate THRA21 has residue index 20
Residue to Mutate SERA22 has residue index 21
Residue to Mutate ALAA23 has residue index 22
Residue to Mutate ASNA25 has residue index 24
Residue to Mutate PHEA26 has residue index 25
Residue to Mutate THRA27 has residue index 26
Residue to Mutate PROA29 has residue index 28
Residue to Mutate PROA30 has residue index 29
Residue to Mutate SERA32 has residue index 31
Residue to Mutate GLNA34 has residue index 33
Residue to Mutate SERA35 has residue index 34
Residue to Mutate PROA36 has residue index 35
Residue to Mutate SERA37 has residue index 36
Residue to Mutate ALAA38 has residue index 37
Residue to Mutate PROA40 has residue index 39
Residue to Mutate PROA41 has residue index 40
Residue to Mutate ALAA42 has residue index 41
Residue to Mutate GLUA43 has residue index 42
Residue to Mutate SERA45 has residue index 44
Residue to Mutate PROA46 has residue index 45
Residue to Mutate ASNA47 has residue index 46
Residue to Mutate LEUA48 has residue index 47
Residue to Mutate PHEA49 has residue index 48
Residue to Mutate VALA50 has residue index 49
Residue to Mutate SERA51 has residue index 50
Residue to Mutate GLYA52 has residue index 51
Residue to Mutate LEUA53 has residue index 52
Residue to Mutate SERA54 has residue index 53
Residue to Mutate ARGA55 has residue index 54
Residue to Mutate ARGA56 has residue index 55
Residue to Mutate THRA58 has residue index 57
Residue to Mutate THRA59 has residue index 58
Residue to Mutate GLUA60 has residue index 59
Residue to Mutate GLYA61 has residue index 60
Residue to Mutate LEUA62 has residue index 61
Residue to Mutate HISA63 has residue index 62
Residue to Mutate GLUA64 has residue index 63
Residue to Mutate ALAA65 has residue index 64
Residue to Mutate PHEA66 has residue index 65
Residue to Mutate SERA67 has residue index 66
Residue to Mutate LYSA68 has residue index 67
Residue to Mutate PHEA69 has residue index 68
Residue to Mutate GLYA70 has residue index 69
Residue to Mutate GLUA71 has residue index 70
Residue to Mutate VALA72 has residue index 71
Residue to Mutate VALA73 has residue index 72
Residue to Mutate HISA74 has residue index 73
Residue to Mutate ALAA75 has residue index 74
Residue to Mutate LYSA76 has residue index 75
Residue to Mutate VALA77 has residue index 76
Residue to Mutate VALA78 has residue index 77
Residue to Mutate THRA79 has residue index 78
Residue to Mutate ASPA80 has residue index 79
Residue to Mutate ARGA81 has residue index 80
Residue to Mutate VALA82 has residue index 81
Residue to Mutate SERA83 has residue index 82
Residue to Mutate GLYA84 has residue index 83
Residue to Mutate PHEA85 has residue index 84
Residue to Mutate SERA86 has residue index 85
Residue to Mutate LYSA87 has residue index 86
Residue to Mutate GLYA90 has residue index 89
Residue to Mutate PHEA91 has residue index 90
Residue to Mutate VALA92 has residue index 91
Residue to Mutate ARGA93 has residue index 92
Residue to Mutate TYRA94 has residue index 93
Residue to Mutate ALAA95 has residue index 94
Residue to Mutate THRA96 has residue index 95
Residue to Mutate THRA97 has residue index 96
Residue to Mutate GLUA98 has residue index 97
Residue to Mutate GLUA99 has residue index 98
Residue to Mutate ARGA101 has residue index 100
Residue to Mutate ALAA102 has residue index 101
Residue to Mutate GLYA103 has residue index 102
Residue to Mutate ILEA104 has residue index 103
Residue to Mutate GLNA105 has residue index 104
Residue to Mutate GLYA106 has residue index 105
Residue to Mutate META107 has residue index 106
Residue to Mutate ASPA108 has residue index 107
Residue to Mutate ALAA109 has residue index 108
Residue to Mutate LYSA110 has residue index 109
Residue to Mutate PHEA111 has residue index 110
Residue to Mutate LEUA112 has residue index 111
Residue to Mutate ASPA113 has residue index 112
Residue to Mutate GLYA114 has residue index 113
Residue to Mutate TRPA115 has residue index 114
Residue to Mutate VALA116 has residue index 115
Residue to Mutate ILEA117 has residue index 116
Residue to Mutate PHEA118 has residue index 117
Residue to Mutate ALAA119 has residue index 118
Residue to Mutate GLUA120 has residue index 119
Residue to Mutate PHEA121 has residue index 120
Residue to Mutate ALAA122 has residue index 121
Residue to Mutate ARGA125 has residue index 124
Residue to Mutate PROA127 has residue index 126
Residue to Mutate PROA128 has residue index 127
Residue to Mutate ALAA129 has residue index 128
Residue to Mutate THRA130 has residue index 129
Residue to Mutate GLNA131 has residue index 130
Residue to Mutate PROA132 has residue index 131
Residue to Mutate SERA133 has residue index 132
Residue to Mutate ASNA134 has residue index 133
Residue to Mutate GLYA135 has residue index 134
Residue to Mutate HISA136 has residue index 135
Residue to Mutate PROA137 has residue index 136
Residue to Mutate PROA138 has residue index 137
Residue to Mutate TYRA139 has residue index 138
Residue to Mutate SERA140 has residue index 139
Residue to Mutate THRA141 has residue index 140
Mutating residue = ALAA9 into PRO
Mutating residue = ALAA10 into PRO
Mutating residue = PROA11 into ARG
Mutating residue = PROA12 into GLY
Mutating residue = ARGA13 into LEU
Mutating residue = GLYA14 into TRP
Mutating residue = LEUA15 into LYS
Mutating residue = TRPA16 into LEU
Mutating residue = LYSA17 into PHE
Mutating residue = LEUA18 into SER
Mutating residue = PHEA19 into THR
Mutating residue = THRA21 into ALA
Mutating residue = SERA22 into PHE
Mutating residue = ALAA23 into ASN
Mutating residue = ASNA25 into THR
Mutating residue = PHEA26 into PRO
Mutating residue = THRA27 into PRO
Mutating residue = PROA29 into SER
Mutating residue = PROA30 into SER
Mutating residue = SERA32 into GLN
Mutating residue = GLNA34 into SER
Mutating residue = SERA35 into PHE
Mutating residue = PROA36 into ALA
Mutating residue = SERA37 into PRO
Mutating residue = ALAA38 into PRO
Mutating residue = PROA40 into ALA
Mutating residue = PROA41 into GLU
Mutating residue = ALAA42 into PRO
Mutating residue = GLUA43 into SER
Mutating residue = SERA45 into ASN
Mutating residue = PROA46 into LEU
Mutating residue = ASNA47 into PHE
Mutating residue = LEUA48 into VAL
Mutating residue = PHEA49 into SER
Mutating residue = VALA50 into GLY
Mutating residue = SERA51 into LEU
Mutating residue = GLYA52 into SER
Mutating residue = LEUA53 into ARG
Mutating residue = SERA54 into ARG
Mutating residue = ARGA55 into THR
Mutating residue = ARGA56 into THR
Mutating residue = THRA58 into GLU
Mutating residue = THRA59 into GLY
Mutating residue = GLUA60 into LEU
Mutating residue = GLYA61 into HIS
Mutating residue = LEUA62 into GLU
Mutating residue = H2SA63 into ALA
Mutating residue = GLUA64 into PHE
Mutating residue = ALAA65 into SER
Mutating residue = PHEA66 into LYS
Mutating residue = SERA67 into PHE
Mutating residue = LYSA68 into GLY
Mutating residue = PHEA69 into GLU
Mutating residue = GLYA70 into VAL
Mutating residue = GLUA71 into VAL
Mutating residue = VALA72 into HIS
Mutating residue = VALA73 into ALA
Mutating residue = H2SA74 into LYS
Mutating residue = ALAA75 into VAL
Mutating residue = LYSA76 into VAL
Mutating residue = VALA77 into THR
Mutating residue = VALA78 into ASP
Mutating residue = THRA79 into ARG
Mutating residue = ASPA80 into VAL
Mutating residue = ARGA81 into SER
Mutating residue = VALA82 into GLY
Mutating residue = SERA83 into PHE
Mutating residue = GLYA84 into SER
Mutating residue = PHEA85 into LYS
Mutating residue = SERA86 into GLY
Mutating residue = LYSA87 into PHE
Mutating residue = GLYA90 into VAL
Mutating residue = PHEA91 into ARG
Mutating residue = VALA92 into TYR
Mutating residue = ARGA93 into ALA
Mutating residue = TYRA94 into THR
Mutating residue = ALAA95 into THR
Mutating residue = THRA96 into GLU
Mutating residue = THRA97 into GLU
Mutating residue = GLUA98 into ALA
Mutating residue = GLUA99 into ARG
Mutating residue = ARGA101 into GLY
Mutating residue = ALAA102 into ILE
Mutating residue = GLYA103 into GLN
Mutating residue = ILEA104 into GLY
Mutating residue = GLNA105 into MET
Mutating residue = GLYA106 into ASP
Mutating residue = META107 into ALA
Mutating residue = ASPA108 into LYS
Mutating residue = ALAA109 into PHE
Mutating residue = LYSA110 into LEU
Mutating residue = PHEA111 into ASP
Mutating residue = LEUA112 into GLY
Mutating residue = ASPA113 into TRP
Mutating residue = GLYA114 into VAL
Mutating residue = TRPA115 into ILE
Mutating residue = VALA116 into PHE
Mutating residue = ILEA117 into ALA
Mutating residue = PHEA118 into GLU
Mutating residue = ALAA119 into PHE
Mutating residue = GLUA120 into ALA
Mutating residue = PHEA121 into ARG
Mutating residue = ALAA122 into PRO
Mutating residue = ARGA125 into PRO
Mutating residue = PROA127 into ALA
Mutating residue = PROA128 into THR
Mutating residue = ALAA129 into GLN
Mutating residue = THRA130 into PRO
Mutating residue = GLNA131 into SER
Mutating residue = PROA132 into ASN
Mutating residue = SERA133 into ALA
Mutating residue = ASNA134 into ARG
Mutating residue = GLYA135 into PRO
Mutating residue = H1SA136 into PRO
Mutating residue = PROA137 into TYR
Mutating residue = PROA138 into SER
Mutating residue = TYRA139 into ALA
Mutating residue = SERA140 into ASN
Mutating residue = THRA141 into ASN
Your file run OK
End time of FoldX: Sun Feb 15 22:20:12 2026
Total time spend: 429.87 seconds.
validated file "OG0028976__cereus_19790_Repair_1.pdb" => successfully finished
validated file "OG0028976__cereus_19790_Repair_2.pdb" => successfully finished
validated file "OG0028976__cereus_19790_Repair_3.pdb" => successfully finished
validated file "OG0028976__cereus_19790_Repair_4.pdb" => successfully finished
validated file "OG0028976__cereus_19790_Repair_5.pdb" => successfully finished
validated file "OG0028976__cereus_19790_Repair_6.pdb" => successfully finished
validated file "OG0028976__cereus_19790_Repair_7.pdb" => successfully finished
validated file "OG0028976__cereus_19790_Repair_8.pdb" => successfully finished
validated file "OG0028976__cereus_19790_Repair_9.pdb" => successfully finished
validated file "OG0028976__cereus_19790_Repair_10.pdb" => successfully finished
validated file "OG0028976__cereus_19790_Repair_11.pdb" => successfully finished
validated file "OG0028976__cereus_19790_Repair_12.pdb" => successfully finished
validated file "OG0028976__cereus_19790_Repair_13.pdb" => successfully finished
validated file "OG0028976__cereus_19790_Repair_14.pdb" => successfully finished
validated file "OG0028976__cereus_19790_Repair_15.pdb" => successfully finished
validated file "OG0028976__cereus_19790_Repair_16.pdb" => successfully finished
validated file "OG0028976__cereus_19790_Repair_17.pdb" => successfully finished
validated file "OG0028976__cereus_19790_Repair_18.pdb" => successfully finished
validated file "OG0028976__cereus_19790_Repair_19.pdb" => successfully finished
validated file "OG0028976__cereus_19790_Repair_20.pdb" => successfully finished
validated file "OG0028976__cereus_19790_Repair_21.pdb" => successfully finished
validated file "OG0028976__cereus_19790_Repair_22.pdb" => successfully finished
validated file "OG0028976__cereus_19790_Repair_23.pdb" => successfully finished
validated file "OG0028976__cereus_19790_Repair_24.pdb" => successfully finished
validated file "OG0028976__cereus_19790_Repair_25.pdb" => successfully finished
validated file "OG0028976__cereus_19790_Repair_26.pdb" => successfully finished
validated file "OG0028976__cereus_19790_Repair_27.pdb" => successfully finished
validated file "OG0028976__cereus_19790_Repair_28.pdb" => successfully finished
validated file "OG0028976__cereus_19790_Repair_29.pdb" => successfully finished
validated file "OG0028976__cereus_19790_Repair_30.pdb" => successfully finished
validated file "OG0028976__cereus_19790_Repair_31.pdb" => successfully finished
validated file "OG0028976__cereus_19790_Repair_32.pdb" => successfully finished
validated file "OG0028976__cereus_19790_Repair_33.pdb" => successfully finished
validated file "OG0028976__cereus_19790_Repair_34.pdb" => successfully finished
validated file "OG0028976__cereus_19790_Repair_35.pdb" => successfully finished
validated file "OG0028976__cereus_19790_Repair_36.pdb" => successfully finished
validated file "OG0028976__cereus_19790_Repair_37.pdb" => successfully finished
validated file "OG0028976__cereus_19790_Repair_38.pdb" => successfully finished
validated file "OG0028976__cereus_19790_Repair_39.pdb" => successfully finished
validated file "OG0028976__cereus_19790_Repair_40.pdb" => successfully finished
validated file "OG0028976__cereus_19790_Repair_41.pdb" => successfully finished
validated file "OG0028976__cereus_19790_Repair_42.pdb" => successfully finished
validated file "OG0028976__cereus_19790_Repair_43.pdb" => successfully finished
validated file "OG0028976__cereus_19790_Repair_44.pdb" => successfully finished
validated file "OG0028976__cereus_19790_Repair_45.pdb" => successfully finished
validated file "OG0028976__cereus_19790_Repair_46.pdb" => successfully finished
validated file "OG0028976__cereus_19790_Repair_47.pdb" => successfully finished
validated file "OG0028976__cereus_19790_Repair_48.pdb" => successfully finished
validated file "OG0028976__cereus_19790_Repair_49.pdb" => successfully finished
validated file "OG0028976__cereus_19790_Repair_50.pdb" => successfully finished
validated file "OG0028976__cereus_19790_Repair_51.pdb" => successfully finished
validated file "OG0028976__cereus_19790_Repair_52.pdb" => successfully finished
validated file "OG0028976__cereus_19790_Repair_53.pdb" => successfully finished
validated file "OG0028976__cereus_19790_Repair_54.pdb" => successfully finished
validated file "OG0028976__cereus_19790_Repair_55.pdb" => successfully finished
validated file "OG0028976__cereus_19790_Repair_56.pdb" => successfully finished
validated file "OG0028976__cereus_19790_Repair_57.pdb" => successfully finished
validated file "OG0028976__cereus_19790_Repair_58.pdb" => successfully finished
validated file "OG0028976__cereus_19790_Repair_59.pdb" => successfully finished
validated file "OG0028976__cereus_19790_Repair_60.pdb" => successfully finished
validated file "OG0028976__cereus_19790_Repair_61.pdb" => successfully finished
validated file "OG0028976__cereus_19790_Repair_62.pdb" => successfully finished
validated file "OG0028976__cereus_19790_Repair_63.pdb" => successfully finished
validated file "OG0028976__cereus_19790_Repair_64.pdb" => successfully finished
validated file "OG0028976__cereus_19790_Repair_65.pdb" => successfully finished
validated file "OG0028976__cereus_19790_Repair_66.pdb" => successfully finished
validated file "OG0028976__cereus_19790_Repair_67.pdb" => successfully finished
validated file "OG0028976__cereus_19790_Repair_68.pdb" => successfully finished
validated file "OG0028976__cereus_19790_Repair_69.pdb" => successfully finished
validated file "OG0028976__cereus_19790_Repair_70.pdb" => successfully finished
validated file "OG0028976__cereus_19790_Repair_71.pdb" => successfully finished
validated file "OG0028976__cereus_19790_Repair_72.pdb" => successfully finished
validated file "OG0028976__cereus_19790_Repair_73.pdb" => successfully finished
validated file "OG0028976__cereus_19790_Repair_74.pdb" => successfully finished
validated file "OG0028976__cereus_19790_Repair_75.pdb" => successfully finished
validated file "OG0028976__cereus_19790_Repair_76.pdb" => successfully finished
validated file "OG0028976__cereus_19790_Repair_77.pdb" => successfully finished
validated file "OG0028976__cereus_19790_Repair_78.pdb" => successfully finished
validated file "OG0028976__cereus_19790_Repair_79.pdb" => successfully finished
validated file "OG0028976__cereus_19790_Repair_80.pdb" => successfully finished
validated file "OG0028976__cereus_19790_Repair_81.pdb" => successfully finished
validated file "OG0028976__cereus_19790_Repair_82.pdb" => successfully finished
validated file "OG0028976__cereus_19790_Repair_83.pdb" => successfully finished
validated file "OG0028976__cereus_19790_Repair_84.pdb" => successfully finished
validated file "OG0028976__cereus_19790_Repair_85.pdb" => successfully finished
validated file "OG0028976__cereus_19790_Repair_86.pdb" => successfully finished
validated file "OG0028976__cereus_19790_Repair_87.pdb" => successfully finished
validated file "OG0028976__cereus_19790_Repair_88.pdb" => successfully finished
validated file "OG0028976__cereus_19790_Repair_89.pdb" => successfully finished
validated file "OG0028976__cereus_19790_Repair_90.pdb" => successfully finished
validated file "OG0028976__cereus_19790_Repair_91.pdb" => successfully finished
validated file "OG0028976__cereus_19790_Repair_92.pdb" => successfully finished
validated file "OG0028976__cereus_19790_Repair_93.pdb" => successfully finished
validated file "OG0028976__cereus_19790_Repair_94.pdb" => successfully finished
validated file "OG0028976__cereus_19790_Repair_95.pdb" => successfully finished
validated file "OG0028976__cereus_19790_Repair_96.pdb" => successfully finished
validated file "OG0028976__cereus_19790_Repair_97.pdb" => successfully finished
validated file "OG0028976__cereus_19790_Repair_98.pdb" => successfully finished
validated file "OG0028976__cereus_19790_Repair_99.pdb" => successfully finished
validated file "OG0028976__cereus_19790_Repair_100.pdb" => successfully finished
validated file "OG0028976__cereus_19790_Repair_101.pdb" => successfully finished
validated file "OG0028976__cereus_19790_Repair_102.pdb" => successfully finished
validated file "OG0028976__cereus_19790_Repair_103.pdb" => successfully finished
validated file "OG0028976__cereus_19790_Repair_104.pdb" => successfully finished
validated file "OG0028976__cereus_19790_Repair_105.pdb" => successfully finished
validated file "OG0028976__cereus_19790_Repair_106.pdb" => successfully finished
validated file "OG0028976__cereus_19790_Repair_107.pdb" => successfully finished
validated file "OG0028976__cereus_19790_Repair_108.pdb" => successfully finished
validated file "OG0028976__cereus_19790_Repair_109.pdb" => successfully finished
validated file "OG0028976__cereus_19790_Repair_110.pdb" => successfully finished
validated file "OG0028976__cereus_19790_Repair_111.pdb" => successfully finished
validated file "OG0028976__cereus_19790_Repair_112.pdb" => successfully finished
validated file "OG0028976__cereus_19790_Repair_113.pdb" => successfully finished
validated file "OG0028976__cereus_19790_Repair_114.pdb" => successfully finished
validated file "OG0028976__cereus_19790_Repair_115.pdb" => successfully finished
validated file "OG0028976__cereus_19790_Repair_116.pdb" => successfully finished
validated file "OG0028976__cereus_19790_Repair_117.pdb" => successfully finished
validated file "OG0028976__cereus_19790_Repair_118.pdb" => successfully finished
validated file "OG0028976__cereus_19790_Repair_119.pdb" => successfully finished
Cleaning BuildModel...DONE
