   ********************************************
   ***                                      ***
   ***             FoldX 4 (c)              ***
   ***                                      ***
   ***     code by the FoldX Consortium     ***
   ***                                      ***
   ***     Jesper Borg, Frederic Rousseau   ***
   ***    Joost Schymkowitz, Luis Serrano   ***
   ***    Peter Vanhee, Erik Verschueren    ***
   ***     Lies Baeten, Javier Delgado      ***
   ***       and Francois Stricher          ***
   *** and any other of the 9! permutations ***
   ***   based on an original concept by    ***
   ***   Raphael Guerois and Luis Serrano   ***
   ********************************************

1 models read: OG0029756__cereus_51133_Repair.pdb

BackHbond       =               -99.50
SideHbond       =               -71.31
Energy_VdW      =               -125.02
Electro         =               -0.56
Energy_SolvP    =               173.10
Energy_SolvH    =               -163.64
Energy_vdwclash =               24.68
energy_torsion  =               37.29
backbone_vdwclash=              54.92
Entropy_sidec   =               108.71
Entropy_mainc   =               536.78
water bonds     =               0.00
helix dipole    =               -4.70
loop_entropy    =               0.00
cis_bond        =               4.76
disulfide       =               0.00
kn electrostatic=               0.00
partial covalent interactions = 0.00
Energy_Ionisation =             0.91
Entropy Complex =               0.00
-----------------------------------------------------------
Total          = 				  421.50

Starting BuildModel
Reading PA131T;
Reading PA132Q;
Reading KA133N;
Reading IA134N;
Reading TA200A;
Reading TA202P;
Reading DA210N;
Reading PA227A;
Reading DA242G;
Reading PA264R;
Reading YA304S;
Reading MA307I;
Residue to Mutate PROA131 has residue index 130
Residue to Mutate PROA132 has residue index 131
Residue to Mutate LYSA133 has residue index 132
Residue to Mutate ILEA134 has residue index 133
Residue to Mutate THRA200 has residue index 199
Residue to Mutate THRA202 has residue index 201
Residue to Mutate ASPA210 has residue index 209
Residue to Mutate PROA227 has residue index 226
Residue to Mutate ASPA242 has residue index 241
Residue to Mutate PROA264 has residue index 263
Residue to Mutate TYRA304 has residue index 303
Residue to Mutate META307 has residue index 306
Mutating residue = PROA131 into THR
Mutating residue = PROA132 into GLN
Mutating residue = LYSA133 into ASN
Mutating residue = ILEA134 into ASN
Mutating residue = THRA200 into ALA
Mutating residue = THRA202 into PRO
Mutating residue = ASPA210 into ASN
Mutating residue = PROA227 into ALA
Mutating residue = ASPA242 into GLY
Mutating residue = PROA264 into ARG
Mutating residue = TYRA304 into SER
Mutating residue = META307 into ILE
Your file run OK
End time of FoldX: Mon Feb 16 00:05:10 2026
Total time spend: 12.27 seconds.
validated file "OG0029756__cereus_51133_Repair_1.pdb" => successfully finished
validated file "OG0029756__cereus_51133_Repair_2.pdb" => successfully finished
validated file "OG0029756__cereus_51133_Repair_3.pdb" => successfully finished
validated file "OG0029756__cereus_51133_Repair_4.pdb" => successfully finished
validated file "OG0029756__cereus_51133_Repair_5.pdb" => successfully finished
validated file "OG0029756__cereus_51133_Repair_6.pdb" => successfully finished
validated file "OG0029756__cereus_51133_Repair_7.pdb" => successfully finished
validated file "OG0029756__cereus_51133_Repair_8.pdb" => successfully finished
validated file "OG0029756__cereus_51133_Repair_9.pdb" => successfully finished
validated file "OG0029756__cereus_51133_Repair_10.pdb" => successfully finished
validated file "OG0029756__cereus_51133_Repair_11.pdb" => successfully finished
validated file "OG0029756__cereus_51133_Repair_12.pdb" => successfully finished
Cleaning BuildModel...DONE
